


ARM Macro Assembler    Page 1 


    1 00000000         ; <<< Use Configuration Wizard in Context Menu >>>
    2 00000000         ;*******************************************************
                       ***********************
    3 00000000         ;
    4 00000000         ; startup_rvmdk.S - Startup code for use with Keil's uVi
                       sion.
    5 00000000         ;
    6 00000000         ; Copyright (c) 2011-2017 Texas Instruments Incorporated
                       .  All rights reserved.
    7 00000000         ; Software License Agreement
    8 00000000         ; 
    9 00000000         ; Texas Instruments (TI) is supplying this software for 
                       use solely and
   10 00000000         ; exclusively on TI's microcontroller products. The soft
                       ware is owned by
   11 00000000         ; TI and/or its suppliers, and is protected under applic
                       able copyright
   12 00000000         ; laws. You may not combine this software with "viral" o
                       pen-source
   13 00000000         ; software in order to form a larger program.
   14 00000000         ; 
   15 00000000         ; THIS SOFTWARE IS PROVIDED "AS IS" AND WITH ALL FAULTS.
                       
   16 00000000         ; NO WARRANTIES, WHETHER EXPRESS, IMPLIED OR STATUTORY, 
                       INCLUDING, BUT
   17 00000000         ; NOT LIMITED TO, IMPLIED WARRANTIES OF MERCHANTABILITY 
                       AND FITNESS FOR
   18 00000000         ; A PARTICULAR PURPOSE APPLY TO THIS SOFTWARE. TI SHALL 
                       NOT, UNDER ANY
   19 00000000         ; CIRCUMSTANCES, BE LIABLE FOR SPECIAL, INCIDENTAL, OR C
                       ONSEQUENTIAL
   20 00000000         ; DAMAGES, FOR ANY REASON WHATSOEVER.
   21 00000000         ; 
   22 00000000         ; This is part of revision 2.1.4.178 of the DK-TM4C123G 
                       Firmware Package.
   23 00000000         ;
   24 00000000         ;*******************************************************
                       ***********************
   25 00000000         
   26 00000000         ;*******************************************************
                       ***********************
   27 00000000         ;
   28 00000000         ; <o> Stack Size (in Bytes) <0x0-0xFFFFFFFF:8>
   29 00000000         ;
   30 00000000         ;*******************************************************
                       ***********************
   31 00000000 00000400 
                       Stack   EQU              0x00000400
   32 00000000         
   33 00000000         ;*******************************************************
                       ***********************
   34 00000000         ;
   35 00000000         ; <o> Heap Size (in Bytes) <0x0-0xFFFFFFFF:8>
   36 00000000         ;
   37 00000000         ;*******************************************************
                       ***********************
   38 00000000 00000000 
                       Heap    EQU              0x00000000
   39 00000000         



ARM Macro Assembler    Page 2 


   40 00000000         ;*******************************************************
                       ***********************
   41 00000000         ;
   42 00000000         ; Allocate space for the stack.
   43 00000000         ;
   44 00000000         ;*******************************************************
                       ***********************
   45 00000000                 AREA             STACK, NOINIT, READWRITE, ALIGN
=3
   46 00000000         StackMem
   47 00000000                 SPACE            Stack
   48 00000400         __initial_sp
   49 00000400         
   50 00000400         ;*******************************************************
                       ***********************
   51 00000400         ;
   52 00000400         ; Allocate space for the heap.
   53 00000400         ;
   54 00000400         ;*******************************************************
                       ***********************
   55 00000400                 AREA             HEAP, NOINIT, READWRITE, ALIGN=
3
   56 00000000         __heap_base
   57 00000000         HeapMem
   58 00000000                 SPACE            Heap
   59 00000000         __heap_limit
   60 00000000         
   61 00000000         ;*******************************************************
                       ***********************
   62 00000000         ;
   63 00000000         ; Indicate that the code in this file preserves 8-byte a
                       lignment of the stack.
   64 00000000         ;
   65 00000000         ;*******************************************************
                       ***********************
   66 00000000                 PRESERVE8
   67 00000000         
   68 00000000         ;*******************************************************
                       ***********************
   69 00000000         ;
   70 00000000         ; Place code into the reset code section.
   71 00000000         ;
   72 00000000         ;*******************************************************
                       ***********************
   73 00000000                 AREA             RESET, CODE, READONLY
   74 00000000                 THUMB
   75 00000000         
   76 00000000         ;*******************************************************
                       ***********************
   77 00000000         ;
   78 00000000         ; External declarations for the interrupt handlers used 
                       by the application.
   79 00000000         ;
   80 00000000         ;*******************************************************
                       ***********************
   81 00000000                 EXTERN           main
   82 00000000                 EXTERN           vSysTickHandler
   83 00000000                 EXTERN           vWDTHandler
   84 00000000                 EXTERN           vUART6Handler



ARM Macro Assembler    Page 3 


   85 00000000                 EXTERN           vUART4Handler
   86 00000000                 EXTERN           vCAN1Handler
   87 00000000         
   88 00000000         ;*******************************************************
                       ***********************
   89 00000000         ;
   90 00000000         ; The vector table.
   91 00000000         ;
   92 00000000         ;*******************************************************
                       ***********************
   93 00000000                 EXPORT           __Vectors
   94 00000000         __Vectors
   95 00000000 00000400        DCD              StackMem + Stack ; Top of Stack
                                                            
   96 00000004 00000000        DCD              Reset_Handler ; Reset Handler
   97 00000008 00000000        DCD              NmiSR       ; NMI Handler
   98 0000000C 00000000        DCD              FaultISR    ; Hard Fault Handle
                                                            r
   99 00000010 00000000        DCD              IntDefaultHandler ; The MPU fau
                                                            lt handler
  100 00000014 00000000        DCD              IntDefaultHandler ; The bus fau
                                                            lt handler
  101 00000018 00000000        DCD              IntDefaultHandler ; The usage f
                                                            ault handler
  102 0000001C 00000000        DCD              0           ; Reserved
  103 00000020 00000000        DCD              0           ; Reserved
  104 00000024 00000000        DCD              0           ; Reserved
  105 00000028 00000000        DCD              0           ; Reserved
  106 0000002C 00000000        DCD              IntDefaultHandler 
                                                            ; SVCall handler
  107 00000030 00000000        DCD              IntDefaultHandler ; Debug monit
                                                            or handler
  108 00000034 00000000        DCD              0           ; Reserved
  109 00000038 00000000        DCD              IntDefaultHandler ; The PendSV 
                                                            handler
  110 0000003C 00000000        DCD              vSysTickHandler ; The SysTick h
                                                            andler
  111 00000040 00000000        DCD              IntDefaultHandler ; GPIO Port A
                                                            
  112 00000044 00000000        DCD              IntDefaultHandler ; GPIO Port B
                                                            
  113 00000048 00000000        DCD              IntDefaultHandler ; GPIO Port C
                                                            
  114 0000004C 00000000        DCD              IntDefaultHandler ; GPIO Port D
                                                            
  115 00000050 00000000        DCD              IntDefaultHandler ; GPIO Port E
                                                            
  116 00000054 00000000        DCD              IntDefaultHandler 
                                                            ; UART0 Rx and Tx
  117 00000058 00000000        DCD              IntDefaultHandler 
                                                            ; UART1 Rx and Tx
  118 0000005C 00000000        DCD              IntDefaultHandler 
                                                            ; SSI0 Rx and Tx
  119 00000060 00000000        DCD              IntDefaultHandler ; I2C0 Master
                                                             and Slave
  120 00000064 00000000        DCD              IntDefaultHandler ; PWM Fault
  121 00000068 00000000        DCD              IntDefaultHandler 
                                                            ; PWM Generator 0
  122 0000006C 00000000        DCD              IntDefaultHandler 



ARM Macro Assembler    Page 4 


                                                            ; PWM Generator 1
  123 00000070 00000000        DCD              IntDefaultHandler 
                                                            ; PWM Generator 2
  124 00000074 00000000        DCD              IntDefaultHandler ; Quadrature 
                                                            Encoder 0
  125 00000078 00000000        DCD              IntDefaultHandler 
                                                            ; ADC Sequence 0
  126 0000007C 00000000        DCD              IntDefaultHandler 
                                                            ; ADC Sequence 1
  127 00000080 00000000        DCD              IntDefaultHandler 
                                                            ; ADC Sequence 2
  128 00000084 00000000        DCD              IntDefaultHandler 
                                                            ; ADC Sequence 3
  129 00000088 00000000        DCD              vWDTHandler ; Watchdog timer
  130 0000008C 00000000        DCD              IntDefaultHandler ; Timer 0 sub
                                                            timer A
  131 00000090 00000000        DCD              IntDefaultHandler ; Timer 0 sub
                                                            timer B
  132 00000094 00000000        DCD              IntDefaultHandler ; Timer 1 sub
                                                            timer A
  133 00000098 00000000        DCD              IntDefaultHandler ; Timer 1 sub
                                                            timer B
  134 0000009C 00000000        DCD              IntDefaultHandler ; Timer 2 sub
                                                            timer A
  135 000000A0 00000000        DCD              IntDefaultHandler ; Timer 2 sub
                                                            timer B
  136 000000A4 00000000        DCD              IntDefaultHandler ; Analog Comp
                                                            arator 0
  137 000000A8 00000000        DCD              IntDefaultHandler ; Analog Comp
                                                            arator 1
  138 000000AC 00000000        DCD              IntDefaultHandler ; Analog Comp
                                                            arator 2
  139 000000B0 00000000        DCD              IntDefaultHandler ; System Cont
                                                            rol (PLL, OSC, BO)
  140 000000B4 00000000        DCD              IntDefaultHandler 
                                                            ; FLASH Control
  141 000000B8 00000000        DCD              IntDefaultHandler ; GPIO Port F
                                                            
  142 000000BC 00000000        DCD              IntDefaultHandler ; GPIO Port G
                                                            
  143 000000C0 00000000        DCD              IntDefaultHandler ; GPIO Port H
                                                            
  144 000000C4 00000000        DCD              IntDefaultHandler 
                                                            ; UART2 Rx and Tx
  145 000000C8 00000000        DCD              IntDefaultHandler 
                                                            ; SSI1 Rx and Tx
  146 000000CC 00000000        DCD              IntDefaultHandler ; Timer 3 sub
                                                            timer A
  147 000000D0 00000000        DCD              IntDefaultHandler ; Timer 3 sub
                                                            timer B
  148 000000D4 00000000        DCD              IntDefaultHandler ; I2C1 Master
                                                             and Slave
  149 000000D8 00000000        DCD              IntDefaultHandler ; Quadrature 
                                                            Encoder 1
  150 000000DC 00000000        DCD              IntDefaultHandler ; CAN0
  151 000000E0 00000000        DCD              IntDefaultHandler ; CAN1
  152 000000E4 00000000        DCD              0           ; Reserved
  153 000000E8 00000000        DCD              0           ; Reserved
  154 000000EC 00000000        DCD              IntDefaultHandler ; Hibernate



ARM Macro Assembler    Page 5 


  155 000000F0 00000000        DCD              IntDefaultHandler ; USB0
  156 000000F4 00000000        DCD              IntDefaultHandler 
                                                            ; PWM Generator 3
  157 000000F8 00000000        DCD              IntDefaultHandler ; uDMA Softwa
                                                            re Transfer
  158 000000FC 00000000        DCD              IntDefaultHandler ; uDMA Error
  159 00000100 00000000        DCD              IntDefaultHandler 
                                                            ; ADC1 Sequence 0
  160 00000104 00000000        DCD              IntDefaultHandler 
                                                            ; ADC1 Sequence 1
  161 00000108 00000000        DCD              IntDefaultHandler 
                                                            ; ADC1 Sequence 2
  162 0000010C 00000000        DCD              IntDefaultHandler 
                                                            ; ADC1 Sequence 3
  163 00000110 00000000        DCD              0           ; Reserved
  164 00000114 00000000        DCD              0           ; Reserved
  165 00000118 00000000        DCD              IntDefaultHandler ; GPIO Port J
                                                            
  166 0000011C 00000000        DCD              IntDefaultHandler ; GPIO Port K
                                                            
  167 00000120 00000000        DCD              IntDefaultHandler ; GPIO Port L
                                                            
  168 00000124 00000000        DCD              IntDefaultHandler 
                                                            ; SSI2 Rx and Tx
  169 00000128 00000000        DCD              IntDefaultHandler 
                                                            ; SSI3 Rx and Tx
  170 0000012C 00000000        DCD              IntDefaultHandler 
                                                            ; UART3 Rx and Tx
  171 00000130 00000000        DCD              vUART4Handler ; UART4 Rx and Tx
                                                            
  172 00000134 00000000        DCD              IntDefaultHandler 
                                                            ; UART5 Rx and Tx
  173 00000138 00000000        DCD              vUART6Handler ; UART6 Rx and Tx
                                                            
  174 0000013C 00000000        DCD              IntDefaultHandler 
                                                            ; UART7 Rx and Tx
  175 00000140 00000000        DCD              0           ; Reserved
  176 00000144 00000000        DCD              0           ; Reserved
  177 00000148 00000000        DCD              0           ; Reserved
  178 0000014C 00000000        DCD              0           ; Reserved
  179 00000150 00000000        DCD              IntDefaultHandler ; I2C2 Master
                                                             and Slave
  180 00000154 00000000        DCD              IntDefaultHandler ; I2C3 Master
                                                             and Slave
  181 00000158 00000000        DCD              IntDefaultHandler ; Timer 4 sub
                                                            timer A
  182 0000015C 00000000        DCD              IntDefaultHandler ; Timer 4 sub
                                                            timer B
  183 00000160 00000000        DCD              0           ; Reserved
  184 00000164 00000000        DCD              0           ; Reserved
  185 00000168 00000000        DCD              0           ; Reserved
  186 0000016C 00000000        DCD              0           ; Reserved
  187 00000170 00000000        DCD              0           ; Reserved
  188 00000174 00000000        DCD              0           ; Reserved
  189 00000178 00000000        DCD              0           ; Reserved
  190 0000017C 00000000        DCD              0           ; Reserved
  191 00000180 00000000        DCD              0           ; Reserved
  192 00000184 00000000        DCD              0           ; Reserved
  193 00000188 00000000        DCD              0           ; Reserved



ARM Macro Assembler    Page 6 


  194 0000018C 00000000        DCD              0           ; Reserved
  195 00000190 00000000        DCD              0           ; Reserved
  196 00000194 00000000        DCD              0           ; Reserved
  197 00000198 00000000        DCD              0           ; Reserved
  198 0000019C 00000000        DCD              0           ; Reserved
  199 000001A0 00000000        DCD              0           ; Reserved
  200 000001A4 00000000        DCD              0           ; Reserved
  201 000001A8 00000000        DCD              0           ; Reserved
  202 000001AC 00000000        DCD              0           ; Reserved
  203 000001B0 00000000        DCD              IntDefaultHandler ; Timer 5 sub
                                                            timer A
  204 000001B4 00000000        DCD              IntDefaultHandler ; Timer 5 sub
                                                            timer B
  205 000001B8 00000000        DCD              IntDefaultHandler ; Wide Timer 
                                                            0 subtimer A
  206 000001BC 00000000        DCD              IntDefaultHandler ; Wide Timer 
                                                            0 subtimer B
  207 000001C0 00000000        DCD              IntDefaultHandler ; Wide Timer 
                                                            1 subtimer A
  208 000001C4 00000000        DCD              IntDefaultHandler ; Wide Timer 
                                                            1 subtimer B
  209 000001C8 00000000        DCD              IntDefaultHandler ; Wide Timer 
                                                            2 subtimer A
  210 000001CC 00000000        DCD              IntDefaultHandler ; Wide Timer 
                                                            2 subtimer B
  211 000001D0 00000000        DCD              IntDefaultHandler ; Wide Timer 
                                                            3 subtimer A
  212 000001D4 00000000        DCD              IntDefaultHandler ; Wide Timer 
                                                            3 subtimer B
  213 000001D8 00000000        DCD              IntDefaultHandler ; Wide Timer 
                                                            4 subtimer A
  214 000001DC 00000000        DCD              IntDefaultHandler ; Wide Timer 
                                                            4 subtimer B
  215 000001E0 00000000        DCD              IntDefaultHandler ; Wide Timer 
                                                            5 subtimer A
  216 000001E4 00000000        DCD              IntDefaultHandler ; Wide Timer 
                                                            5 subtimer B
  217 000001E8 00000000        DCD              IntDefaultHandler ; FPU
  218 000001EC 00000000        DCD              0           ; Reserved
  219 000001F0 00000000        DCD              0           ; Reserved
  220 000001F4 00000000        DCD              IntDefaultHandler ; I2C4 Master
                                                             and Slave
  221 000001F8 00000000        DCD              IntDefaultHandler ; I2C5 Master
                                                             and Slave
  222 000001FC 00000000        DCD              IntDefaultHandler ; GPIO Port M
                                                            
  223 00000200 00000000        DCD              IntDefaultHandler ; GPIO Port N
                                                            
  224 00000204 00000000        DCD              IntDefaultHandler ; Quadrature 
                                                            Encoder 2
  225 00000208 00000000        DCD              0           ; Reserved
  226 0000020C 00000000        DCD              0           ; Reserved
  227 00000210 00000000        DCD              IntDefaultHandler ; GPIO Port P
                                                             (Summary or P0)
  228 00000214 00000000        DCD              IntDefaultHandler 
                                                            ; GPIO Port P1
  229 00000218 00000000        DCD              IntDefaultHandler 
                                                            ; GPIO Port P2
  230 0000021C 00000000        DCD              IntDefaultHandler 



ARM Macro Assembler    Page 7 


                                                            ; GPIO Port P3
  231 00000220 00000000        DCD              IntDefaultHandler 
                                                            ; GPIO Port P4
  232 00000224 00000000        DCD              IntDefaultHandler 
                                                            ; GPIO Port P5
  233 00000228 00000000        DCD              IntDefaultHandler 
                                                            ; GPIO Port P6
  234 0000022C 00000000        DCD              IntDefaultHandler 
                                                            ; GPIO Port P7
  235 00000230 00000000        DCD              IntDefaultHandler ; GPIO Port Q
                                                             (Summary or Q0)
  236 00000234 00000000        DCD              IntDefaultHandler 
                                                            ; GPIO Port Q1
  237 00000238 00000000        DCD              IntDefaultHandler 
                                                            ; GPIO Port Q2
  238 0000023C 00000000        DCD              IntDefaultHandler 
                                                            ; GPIO Port Q3
  239 00000240 00000000        DCD              IntDefaultHandler 
                                                            ; GPIO Port Q4
  240 00000244 00000000        DCD              IntDefaultHandler 
                                                            ; GPIO Port Q5
  241 00000248 00000000        DCD              IntDefaultHandler 
                                                            ; GPIO Port Q6
  242 0000024C 00000000        DCD              IntDefaultHandler 
                                                            ; GPIO Port Q7
  243 00000250 00000000        DCD              IntDefaultHandler ; GPIO Port R
                                                            
  244 00000254 00000000        DCD              IntDefaultHandler ; GPIO Port S
                                                            
  245 00000258 00000000        DCD              IntDefaultHandler 
                                                            ; PWM 1 Generator 0
                                                            
  246 0000025C 00000000        DCD              IntDefaultHandler 
                                                            ; PWM 1 Generator 1
                                                            
  247 00000260 00000000        DCD              IntDefaultHandler 
                                                            ; PWM 1 Generator 2
                                                            
  248 00000264 00000000        DCD              IntDefaultHandler 
                                                            ; PWM 1 Generator 3
                                                            
  249 00000268 00000000        DCD              IntDefaultHandler ; PWM 1 Fault
                                                            
  250 0000026C         
  251 0000026C         ;*******************************************************
                       ***********************
  252 0000026C         ;
  253 0000026C         ; This is the code that gets called when the processor f
                       irst starts execution
  254 0000026C         ; following a reset event.
  255 0000026C         ;
  256 0000026C         ;*******************************************************
                       ***********************
  257 0000026C                 EXPORT           Reset_Handler
  258 0000026C         Reset_Handler
  259 0000026C         ;
  260 0000026C         ; Enable the floating-point unit.  This must be done her
                       e to handle the
  261 0000026C         ; case where main() uses floating-point and the function



ARM Macro Assembler    Page 8 


                        prologue saves
  262 0000026C         ; floating-point registers (which will fault if floating
                       -point is not
  263 0000026C         ; enabled).  Any configuration of the floating-point uni
                       t using
  264 0000026C         ; DriverLib APIs must be done here prior to the floating
                       -point unit
  265 0000026C         ; being enabled.
  266 0000026C         ;
  267 0000026C         ; Note that this does not use DriverLib since it might n
                       ot be included
  268 0000026C         ; in this project.
  269 0000026C         ;
  270 0000026C F64E 5088       MOVW             R0, #0xED88
  271 00000270 F2CE 0000       MOVT             R0, #0xE000
  272 00000274 6801            LDR              R1, [R0]
  273 00000276 F441 0170       ORR              R1, #0x00F00000
  274 0000027A 6001            STR              R1, [R0]
  275 0000027C         
  276 0000027C         ;
  277 0000027C         ; Call the C library enty point that handles startup.  T
                       his will copy
  278 0000027C         ; the .data section initializers from flash to SRAM and 
                       zero fill the
  279 0000027C         ; .bss section.
  280 0000027C         ;
  281 0000027C                 IMPORT           __main
  282 0000027C F7FF BFFE       B                __main
  283 00000280         
  284 00000280         ;*******************************************************
                       ***********************
  285 00000280         ;
  286 00000280         ; This is the code that gets called when the processor r
                       eceives a NMI.  This
  287 00000280         ; simply enters an infinite loop, preserving the system 
                       state for examination
  288 00000280         ; by a debugger.
  289 00000280         ;
  290 00000280         ;*******************************************************
                       ***********************
  291 00000280         NmiSR
  292 00000280 E7FE            B                NmiSR
  293 00000282         
  294 00000282         ;*******************************************************
                       ***********************
  295 00000282         ;
  296 00000282         ; This is the code that gets called when the processor r
                       eceives a fault
  297 00000282         ; interrupt.  This simply enters an infinite loop, prese
                       rving the system state
  298 00000282         ; for examination by a debugger.
  299 00000282         ;
  300 00000282         ;*******************************************************
                       ***********************
  301 00000282         FaultISR
  302 00000282 E7FE            B                FaultISR
  303 00000284         
  304 00000284         ;*******************************************************
                       ***********************



ARM Macro Assembler    Page 9 


  305 00000284         ;
  306 00000284         ; This is the code that gets called when the processor r
                       eceives an unexpected
  307 00000284         ; interrupt.  This simply enters an infinite loop, prese
                       rving the system state
  308 00000284         ; for examination by a debugger.
  309 00000284         ;
  310 00000284         ;*******************************************************
                       ***********************
  311 00000284         IntDefaultHandler
  312 00000284 E7FE            B                IntDefaultHandler
  313 00000286         
  314 00000286         ;*******************************************************
                       ***********************
  315 00000286         ;
  316 00000286         ; Make sure the end of this section is aligned.
  317 00000286         ;
  318 00000286         ;*******************************************************
                       ***********************
  319 00000286 00 00           ALIGN
  320 00000288         
  321 00000288         ;*******************************************************
                       ***********************
  322 00000288         ;
  323 00000288         ; Some code in the normal code section for initializing 
                       the heap and stack.
  324 00000288         ;
  325 00000288         ;*******************************************************
                       ***********************
  326 00000288                 AREA             |.text|, CODE, READONLY
  327 00000000         
  328 00000000         ;*******************************************************
                       ***********************
  329 00000000         ;
  330 00000000         ; The function expected of the C library startup code fo
                       r defining the stack
  331 00000000         ; and heap memory locations.  For the C library version 
                       of the startup code,
  332 00000000         ; provide this function so that the C library initializa
                       tion code can find out
  333 00000000         ; the location of the stack and heap.
  334 00000000         ;
  335 00000000         ;*******************************************************
                       ***********************
  336 00000000                 IF               :DEF: __MICROLIB
  337 00000000                 EXPORT           __initial_sp
  338 00000000                 EXPORT           __heap_base
  339 00000000                 EXPORT           __heap_limit
  340 00000000                 ELSE
  349                          ENDIF
  350 00000000         
  351 00000000         ;*******************************************************
                       ***********************
  352 00000000         ;
  353 00000000         ; Make sure the end of this section is aligned.
  354 00000000         ;
  355 00000000         ;*******************************************************
                       ***********************
  356 00000000                 ALIGN



ARM Macro Assembler    Page 10 


  357 00000000         
  358 00000000         ;*******************************************************
                       ***********************
  359 00000000         ;
  360 00000000         ; Tell the assembler that we're done.
  361 00000000         ;
  362 00000000         ;*******************************************************
                       ***********************
  363 00000000                 END
Command Line: --debug --xref --cpu=Cortex-M4.fp --apcs=interwork --depend=.\out
\startup_rvmdk.d -o.\out\startup_rvmdk.o -IC:\Keil_v5\ARM\RV31\INC -IC:\Keil_v5
\ARM\PACK\ARM\CMSIS\4.1.0\CMSIS\Include -IC:\Keil_v5\ARM\Inc\TI\TM4C123 --prede
fine="__MICROLIB SETA 1" --list=.\lst\startup_rvmdk.lst startup_rvmdk.S



ARM Macro Assembler    Page 1 Alphabetic symbol ordering
Relocatable symbols

STACK 00000000

Symbol: STACK
   Definitions
      At line 45 in file startup_rvmdk.S
   Uses
      None
Comment: STACK unused
StackMem 00000000

Symbol: StackMem
   Definitions
      At line 46 in file startup_rvmdk.S
   Uses
      At line 95 in file startup_rvmdk.S
Comment: StackMem used once
__initial_sp 00000400

Symbol: __initial_sp
   Definitions
      At line 48 in file startup_rvmdk.S
   Uses
      At line 337 in file startup_rvmdk.S
Comment: __initial_sp used once
3 symbols



ARM Macro Assembler    Page 1 Alphabetic symbol ordering
Relocatable symbols

HEAP 00000000

Symbol: HEAP
   Definitions
      At line 55 in file startup_rvmdk.S
   Uses
      None
Comment: HEAP unused
HeapMem 00000000

Symbol: HeapMem
   Definitions
      At line 57 in file startup_rvmdk.S
   Uses
      None
Comment: HeapMem unused
__heap_base 00000000

Symbol: __heap_base
   Definitions
      At line 56 in file startup_rvmdk.S
   Uses
      At line 338 in file startup_rvmdk.S
Comment: __heap_base used once
__heap_limit 00000000

Symbol: __heap_limit
   Definitions
      At line 59 in file startup_rvmdk.S
   Uses
      At line 339 in file startup_rvmdk.S
Comment: __heap_limit used once
4 symbols



ARM Macro Assembler    Page 1 Alphabetic symbol ordering
Relocatable symbols

FaultISR 00000282

Symbol: FaultISR
   Definitions
      At line 301 in file startup_rvmdk.S
   Uses
      At line 98 in file startup_rvmdk.S
      At line 302 in file startup_rvmdk.S

IntDefaultHandler 00000284

Symbol: IntDefaultHandler
   Definitions
      At line 311 in file startup_rvmdk.S
   Uses
      At line 99 in file startup_rvmdk.S
      At line 100 in file startup_rvmdk.S
      At line 101 in file startup_rvmdk.S
      At line 106 in file startup_rvmdk.S
      At line 107 in file startup_rvmdk.S
      At line 109 in file startup_rvmdk.S
      At line 111 in file startup_rvmdk.S
      At line 112 in file startup_rvmdk.S
      At line 113 in file startup_rvmdk.S
      At line 114 in file startup_rvmdk.S
      At line 115 in file startup_rvmdk.S
      At line 116 in file startup_rvmdk.S
      At line 117 in file startup_rvmdk.S
      At line 118 in file startup_rvmdk.S
      At line 119 in file startup_rvmdk.S
      At line 120 in file startup_rvmdk.S
      At line 121 in file startup_rvmdk.S
      At line 122 in file startup_rvmdk.S
      At line 123 in file startup_rvmdk.S
      At line 124 in file startup_rvmdk.S
      At line 125 in file startup_rvmdk.S
      At line 126 in file startup_rvmdk.S
      At line 127 in file startup_rvmdk.S
      At line 128 in file startup_rvmdk.S
      At line 130 in file startup_rvmdk.S
      At line 131 in file startup_rvmdk.S
      At line 132 in file startup_rvmdk.S
      At line 133 in file startup_rvmdk.S
      At line 134 in file startup_rvmdk.S
      At line 135 in file startup_rvmdk.S
      At line 136 in file startup_rvmdk.S
      At line 137 in file startup_rvmdk.S
      At line 138 in file startup_rvmdk.S
      At line 139 in file startup_rvmdk.S
      At line 140 in file startup_rvmdk.S
      At line 141 in file startup_rvmdk.S
      At line 142 in file startup_rvmdk.S
      At line 143 in file startup_rvmdk.S
      At line 144 in file startup_rvmdk.S
      At line 145 in file startup_rvmdk.S
      At line 146 in file startup_rvmdk.S
      At line 147 in file startup_rvmdk.S
      At line 148 in file startup_rvmdk.S
      At line 149 in file startup_rvmdk.S



ARM Macro Assembler    Page 2 Alphabetic symbol ordering
Relocatable symbols

      At line 150 in file startup_rvmdk.S
      At line 151 in file startup_rvmdk.S
      At line 154 in file startup_rvmdk.S
      At line 155 in file startup_rvmdk.S
      At line 156 in file startup_rvmdk.S
      At line 157 in file startup_rvmdk.S
      At line 158 in file startup_rvmdk.S
      At line 159 in file startup_rvmdk.S
      At line 160 in file startup_rvmdk.S
      At line 161 in file startup_rvmdk.S
      At line 162 in file startup_rvmdk.S
      At line 165 in file startup_rvmdk.S
      At line 166 in file startup_rvmdk.S
      At line 167 in file startup_rvmdk.S
      At line 168 in file startup_rvmdk.S
      At line 169 in file startup_rvmdk.S
      At line 170 in file startup_rvmdk.S
      At line 172 in file startup_rvmdk.S
      At line 174 in file startup_rvmdk.S
      At line 179 in file startup_rvmdk.S
      At line 180 in file startup_rvmdk.S
      At line 181 in file startup_rvmdk.S
      At line 182 in file startup_rvmdk.S
      At line 203 in file startup_rvmdk.S
      At line 204 in file startup_rvmdk.S
      At line 205 in file startup_rvmdk.S
      At line 206 in file startup_rvmdk.S
      At line 207 in file startup_rvmdk.S
      At line 208 in file startup_rvmdk.S
      At line 209 in file startup_rvmdk.S
      At line 210 in file startup_rvmdk.S
      At line 211 in file startup_rvmdk.S
      At line 212 in file startup_rvmdk.S
      At line 213 in file startup_rvmdk.S
      At line 214 in file startup_rvmdk.S
      At line 215 in file startup_rvmdk.S
      At line 216 in file startup_rvmdk.S
      At line 217 in file startup_rvmdk.S
      At line 220 in file startup_rvmdk.S
      At line 221 in file startup_rvmdk.S
      At line 222 in file startup_rvmdk.S
      At line 223 in file startup_rvmdk.S
      At line 224 in file startup_rvmdk.S
      At line 227 in file startup_rvmdk.S
      At line 228 in file startup_rvmdk.S
      At line 229 in file startup_rvmdk.S
      At line 230 in file startup_rvmdk.S
      At line 231 in file startup_rvmdk.S
      At line 232 in file startup_rvmdk.S
      At line 233 in file startup_rvmdk.S
      At line 234 in file startup_rvmdk.S
      At line 235 in file startup_rvmdk.S
      At line 236 in file startup_rvmdk.S
      At line 237 in file startup_rvmdk.S
      At line 238 in file startup_rvmdk.S
      At line 239 in file startup_rvmdk.S
      At line 240 in file startup_rvmdk.S
      At line 241 in file startup_rvmdk.S
      At line 242 in file startup_rvmdk.S



ARM Macro Assembler    Page 3 Alphabetic symbol ordering
Relocatable symbols

      At line 243 in file startup_rvmdk.S
      At line 244 in file startup_rvmdk.S
      At line 245 in file startup_rvmdk.S
      At line 246 in file startup_rvmdk.S
      At line 247 in file startup_rvmdk.S
      At line 248 in file startup_rvmdk.S
      At line 249 in file startup_rvmdk.S
      At line 312 in file startup_rvmdk.S

NmiSR 00000280

Symbol: NmiSR
   Definitions
      At line 291 in file startup_rvmdk.S
   Uses
      At line 97 in file startup_rvmdk.S
      At line 292 in file startup_rvmdk.S

RESET 00000000

Symbol: RESET
   Definitions
      At line 73 in file startup_rvmdk.S
   Uses
      None
Comment: RESET unused
Reset_Handler 0000026C

Symbol: Reset_Handler
   Definitions
      At line 258 in file startup_rvmdk.S
   Uses
      At line 96 in file startup_rvmdk.S
      At line 257 in file startup_rvmdk.S

__Vectors 00000000

Symbol: __Vectors
   Definitions
      At line 94 in file startup_rvmdk.S
   Uses
      At line 93 in file startup_rvmdk.S
Comment: __Vectors used once
6 symbols



ARM Macro Assembler    Page 1 Alphabetic symbol ordering
Relocatable symbols

.text 00000000

Symbol: .text
   Definitions
      At line 326 in file startup_rvmdk.S
   Uses
      None
Comment: .text unused
1 symbol



ARM Macro Assembler    Page 1 Alphabetic symbol ordering
Absolute symbols

Heap 00000000

Symbol: Heap
   Definitions
      At line 38 in file startup_rvmdk.S
   Uses
      At line 58 in file startup_rvmdk.S
Comment: Heap used once
Stack 00000400

Symbol: Stack
   Definitions
      At line 31 in file startup_rvmdk.S
   Uses
      At line 47 in file startup_rvmdk.S
      At line 95 in file startup_rvmdk.S

2 symbols



ARM Macro Assembler    Page 1 Alphabetic symbol ordering
External symbols

__main 00000000

Symbol: __main
   Definitions
      At line 281 in file startup_rvmdk.S
   Uses
      At line 282 in file startup_rvmdk.S
Comment: __main used once
main 00000000

Symbol: main
   Definitions
      At line 81 in file startup_rvmdk.S
   Uses
      None
Comment: main unused
vCAN1Handler 00000000

Symbol: vCAN1Handler
   Definitions
      At line 86 in file startup_rvmdk.S
   Uses
      None
Comment: vCAN1Handler unused
vSysTickHandler 00000000

Symbol: vSysTickHandler
   Definitions
      At line 82 in file startup_rvmdk.S
   Uses
      At line 110 in file startup_rvmdk.S
Comment: vSysTickHandler used once
vUART4Handler 00000000

Symbol: vUART4Handler
   Definitions
      At line 85 in file startup_rvmdk.S
   Uses
      At line 171 in file startup_rvmdk.S
Comment: vUART4Handler used once
vUART6Handler 00000000

Symbol: vUART6Handler
   Definitions
      At line 84 in file startup_rvmdk.S
   Uses
      At line 173 in file startup_rvmdk.S
Comment: vUART6Handler used once
vWDTHandler 00000000

Symbol: vWDTHandler
   Definitions
      At line 83 in file startup_rvmdk.S
   Uses
      At line 129 in file startup_rvmdk.S
Comment: vWDTHandler used once
7 symbols
355 symbols in table
